<?xml version="1.0" encoding="UTF-8"?>
<!-- Generated by org.testng.reporters.JUnitReportReporter -->
<testsuite hostname="Auth-Hiren" failures="0" tests="1" name="com.ui.tests.LoginTest" time="20.877" errors="0" timestamp="2025-02-09T17:00:09 EST" skipped="0">
  <testcase classname="com.ui.tests.LoginTest" name="loginTest" time="20.877"/>
</testsuite> <!-- com.ui.tests.LoginTest -->
